<?xml version="1.0" encoding="UTF-8"?>
<!-- Generated by org.testng.reporters.JUnitXMLReporter -->
<testsuite hostname="yair-fdev" ignored="0" name="sanity" tests="11" failures="3" timestamp="05 Sep 2019 15:30:17 GMT" time="200.55" errors="0">
  <testcase name="loginSession" time="7.166" classname="com.yair_f.globesweb.LoginTest1"/>
  <testcase name="disconnectUser" time="16.678" classname="com.yair_f.globesweb.LogOutTest2"/>
  <testcase name="googleLogin" time="13.684" classname="com.yair_f.globesweb.GoogleLoginTest3">
    <failure type="org.openqa.selenium.ElementNotInteractableException" message="element not interactable
  (Session info: chrome=76.0.3809.132)
Build info: version: &amp;apos;3.141.59&amp;apos;, revision: &amp;apos;e82be7d358&amp;apos;, time: &amp;apos;2018-11-14T08:17:03&amp;apos;
System info: host: &amp;apos;YAIR-FDEV&amp;apos;, ip: &amp;apos;10.0.4.20&amp;apos;, os.name: &amp;apos;Windows 10&amp;apos;, os.arch: &amp;apos;amd64&amp;apos;, os.version: &amp;apos;10.0&amp;apos;, java.version: &amp;apos;1.8.0_191&amp;apos;
Driver info: org.openqa.selenium.chrome.ChromeDriver
Capabilities {acceptInsecureCerts: false, browserName: chrome, browserVersion: 76.0.3809.132, chrome: {chromedriverVersion: 76.0.3809.68 (420c9498db8ce..., userDataDir: C:\Users\yair-f\AppData\Loc...}, goog:chromeOptions: {debuggerAddress: localhost:61877}, javascriptEnabled: true, networkConnectionEnabled: false, pageLoadStrategy: normal, platform: XP, platformName: XP, proxy: Proxy(), setWindowRect: true, strictFileInteractability: false, timeouts: {implicit: 0, pageLoad: 300000, script: 30000}, unhandledPromptBehavior: dismiss and notify}
Session ID: 27cad7d54bcfdc1b11e42a0303df42c8">
      <![CDATA[org.openqa.selenium.ElementNotInteractableException: element not interactable
  (Session info: chrome=76.0.3809.132)
Build info: version: '3.141.59', revision: 'e82be7d358', time: '2018-11-14T08:17:03'
System info: host: 'YAIR-FDEV', ip: '10.0.4.20', os.name: 'Windows 10', os.arch: 'amd64', os.version: '10.0', java.version: '1.8.0_191'
Driver info: org.openqa.selenium.chrome.ChromeDriver
Capabilities {acceptInsecureCerts: false, browserName: chrome, browserVersion: 76.0.3809.132, chrome: {chromedriverVersion: 76.0.3809.68 (420c9498db8ce..., userDataDir: C:\Users\yair-f\AppData\Loc...}, goog:chromeOptions: {debuggerAddress: localhost:61877}, javascriptEnabled: true, networkConnectionEnabled: false, pageLoadStrategy: normal, platform: XP, platformName: XP, proxy: Proxy(), setWindowRect: true, strictFileInteractability: false, timeouts: {implicit: 0, pageLoad: 300000, script: 30000}, unhandledPromptBehavior: dismiss and notify}
Session ID: 27cad7d54bcfdc1b11e42a0303df42c8
at org.openqa.selenium.remote.http.W3CHttpResponseCodec.createException(W3CHttpResponseCodec.java:187)
at org.openqa.selenium.remote.http.W3CHttpResponseCodec.decode(W3CHttpResponseCodec.java:122)
at org.openqa.selenium.remote.http.W3CHttpResponseCodec.decode(W3CHttpResponseCodec.java:49)
at org.openqa.selenium.remote.HttpCommandExecutor.execute(HttpCommandExecutor.java:158)
at org.openqa.selenium.remote.service.DriverCommandExecutor.execute(DriverCommandExecutor.java:83)
at org.openqa.selenium.remote.RemoteWebDriver.execute(RemoteWebDriver.java:552)
at org.openqa.selenium.remote.RemoteWebElement.execute(RemoteWebElement.java:285)
at org.openqa.selenium.remote.RemoteWebElement.sendKeys(RemoteWebElement.java:106)
at com.yair_f.globesweb.GoogleLoginTest3.googleLogin(GoogleLoginTest3.java:54)
... Removed 29 stack frames]]>
    </failure>
  </testcase> <!-- googleLogin -->
  <testcase name="registration" time="6.759" classname="com.yair_f.globesweb.RegisterToGlobesTest4"/>
  <testcase name="resetPassword" time="6.321" classname="com.yair_f.globesweb.ForgotPasswordTest5"/>
  <testcase name="facebookLogin" time="12.419" classname="com.yair_f.globesweb.FacebookLoginTest6"/>
  <testcase name="addArticle" time="8.996" classname="com.yair_f.globesweb.AddArticleToSaveListTest7">
    <failure type="org.openqa.selenium.NoSuchElementException" message="no such element: Unable to locate element: {&amp;quot;method&amp;quot;:&amp;quot;css selector&amp;quot;,&amp;quot;selector&amp;quot;:&amp;quot;#email&amp;quot;}
  (Session info: chrome=76.0.3809.132)
For documentation on this error, please visit: https://www.seleniumhq.org/exceptions/no_such_element.html
Build info: version: &amp;apos;3.141.59&amp;apos;, revision: &amp;apos;e82be7d358&amp;apos;, time: &amp;apos;2018-11-14T08:17:03&amp;apos;
System info: host: &amp;apos;YAIR-FDEV&amp;apos;, ip: &amp;apos;10.0.4.20&amp;apos;, os.name: &amp;apos;Windows 10&amp;apos;, os.arch: &amp;apos;amd64&amp;apos;, os.version: &amp;apos;10.0&amp;apos;, java.version: &amp;apos;1.8.0_191&amp;apos;
Driver info: org.openqa.selenium.chrome.ChromeDriver
Capabilities {acceptInsecureCerts: false, browserName: chrome, browserVersion: 76.0.3809.132, chrome: {chromedriverVersion: 76.0.3809.68 (420c9498db8ce..., userDataDir: C:\Users\yair-f\AppData\Loc...}, goog:chromeOptions: {debuggerAddress: localhost:62491}, javascriptEnabled: true, networkConnectionEnabled: false, pageLoadStrategy: normal, platform: XP, platformName: XP, proxy: Proxy(), setWindowRect: true, strictFileInteractability: false, timeouts: {implicit: 0, pageLoad: 300000, script: 30000}, unhandledPromptBehavior: dismiss and notify}
Session ID: c6cb8972247f9d24332c7f03f101d37d
*** Element info: {Using=id, value=email}">
      <![CDATA[org.openqa.selenium.NoSuchElementException: no such element: Unable to locate element: {"method":"css selector","selector":"#email"}
  (Session info: chrome=76.0.3809.132)
For documentation on this error, please visit: https://www.seleniumhq.org/exceptions/no_such_element.html
Build info: version: '3.141.59', revision: 'e82be7d358', time: '2018-11-14T08:17:03'
System info: host: 'YAIR-FDEV', ip: '10.0.4.20', os.name: 'Windows 10', os.arch: 'amd64', os.version: '10.0', java.version: '1.8.0_191'
Driver info: org.openqa.selenium.chrome.ChromeDriver
Capabilities {acceptInsecureCerts: false, browserName: chrome, browserVersion: 76.0.3809.132, chrome: {chromedriverVersion: 76.0.3809.68 (420c9498db8ce..., userDataDir: C:\Users\yair-f\AppData\Loc...}, goog:chromeOptions: {debuggerAddress: localhost:62491}, javascriptEnabled: true, networkConnectionEnabled: false, pageLoadStrategy: normal, platform: XP, platformName: XP, proxy: Proxy(), setWindowRect: true, strictFileInteractability: false, timeouts: {implicit: 0, pageLoad: 300000, script: 30000}, unhandledPromptBehavior: dismiss and notify}
Session ID: c6cb8972247f9d24332c7f03f101d37d
*** Element info: {Using=id, value=email}
at org.openqa.selenium.remote.http.W3CHttpResponseCodec.createException(W3CHttpResponseCodec.java:187)
at org.openqa.selenium.remote.http.W3CHttpResponseCodec.decode(W3CHttpResponseCodec.java:122)
at org.openqa.selenium.remote.http.W3CHttpResponseCodec.decode(W3CHttpResponseCodec.java:49)
at org.openqa.selenium.remote.HttpCommandExecutor.execute(HttpCommandExecutor.java:158)
at org.openqa.selenium.remote.service.DriverCommandExecutor.execute(DriverCommandExecutor.java:83)
at org.openqa.selenium.remote.RemoteWebDriver.execute(RemoteWebDriver.java:552)
at org.openqa.selenium.remote.RemoteWebDriver.findElement(RemoteWebDriver.java:323)
at org.openqa.selenium.remote.RemoteWebDriver.findElementById(RemoteWebDriver.java:372)
at org.openqa.selenium.By$ById.findElement(By.java:188)
at org.openqa.selenium.remote.RemoteWebDriver.findElement(RemoteWebDriver.java:315)
at com.yair_f.globespages.GlobesLoginPage.emailField(GlobesLoginPage.java:30)
at com.yair_f.globesweb.AddArticleToSaveListTest7.addArticle(AddArticleToSaveListTest7.java:41)
... Removed 29 stack frames]]>
    </failure>
  </testcase> <!-- addArticle -->
  <testcase name="electronicNewsPaper" time="27.94" classname="com.yair_f.globesweb.ElectronicNewsPaperTest8"/>
  <testcase name="shareArticleToFb" time="31.409" classname="com.yair_f.globesweb.ShareMainArticleToFbTest9"/>
  <testcase name="subscribeToTagit" time="11.783" classname="com.yair_f.globesweb.SubscribeToTevaTagitTest10"/>
  <testcase name="wrongPassword" time="7.842" classname="com.yair_f.globesweb.WrongPasswordTest11">
    <failure type="java.lang.AssertionError" message="expected [] but found [דוא&amp;quot;ל או סיסמה לא נכונים]">
      <![CDATA[java.lang.AssertionError: expected [] but found [דוא"ל או סיסמה לא נכונים]
at com.yair_f.globesweb.WrongPasswordTest11.wrongPassword(WrongPasswordTest11.java:54)
... Removed 31 stack frames]]>
    </failure>
  </testcase> <!-- wrongPassword -->
</testsuite> <!-- sanity -->
